<?xml version="1.0" encoding="UTF-8"?>
<testsuite name="com.evalx.PdfParserTest" tests="1" skipped="0" failures="0" errors="0" timestamp="2026-03-04T06:45:32" hostname="Sahils-MacBook.local" time="0.598">
  <properties/>
  <testcase name="testParseGatePdf()" classname="com.evalx.PdfParserTest" time="0.598"/>
  <system-out><![CDATA[Standard Commons Logging discovery in action with spring-jcl: please remove commons-logging.jar from classpath in order to avoid potential conflicts
12:15:29.430 [Test worker] INFO org.springframework.test.context.support.AnnotationConfigContextLoaderUtils -- Could not detect default configuration classes for test class [com.evalx.PdfParserTest]: PdfParserTest does not declare any static, non-private, non-final, nested classes annotated with @Configuration.
12:15:29.483 [Test worker] INFO org.springframework.boot.test.context.SpringBootTestContextBootstrapper -- Found @SpringBootConfiguration com.evalx.EvalXApplication for test class com.evalx.PdfParserTest

  .   ____          _            __ _ _
 /\\ / ___'_ __ _ _(_)_ __  __ _ \ \ \ \
( ( )\___ | '_ | '_| | '_ \/ _` | \ \ \ \
 \\/  ___)| |_)| | | | | || (_| |  ) ) ) )
  '  |____| .__|_| |_|_| |_\__, | / / / /
 =========|_|==============|___/=/_/_/_/
 :: Spring Boot ::                (v3.2.5)

2026-03-04T12:15:29.668+05:30  INFO 18138 --- [evalx-backend] [    Test worker] com.evalx.PdfParserTest                  : Starting PdfParserTest using Java 19.0.2 with PID 18138 (started by sahilkhundiya in /Users/sahilkhundiya/Desktop/EvalX/EvalX/backend)
2026-03-04T12:15:29.669+05:30  INFO 18138 --- [evalx-backend] [    Test worker] com.evalx.PdfParserTest                  : No active profile set, falling back to 1 default profile: "default"
2026-03-04T12:15:30.043+05:30  INFO 18138 --- [evalx-backend] [    Test worker] .s.d.r.c.RepositoryConfigurationDelegate : Bootstrapping Spring Data JPA repositories in DEFAULT mode.
2026-03-04T12:15:30.085+05:30  INFO 18138 --- [evalx-backend] [    Test worker] .s.d.r.c.RepositoryConfigurationDelegate : Finished Spring Data repository scanning in 38 ms. Found 10 JPA repository interfaces.
2026-03-04T12:15:30.329+05:30  INFO 18138 --- [evalx-backend] [    Test worker] o.hibernate.jpa.internal.util.LogHelper  : HHH000204: Processing PersistenceUnitInfo [name: default]
2026-03-04T12:15:30.359+05:30  INFO 18138 --- [evalx-backend] [    Test worker] org.hibernate.Version                    : HHH000412: Hibernate ORM core version 6.4.4.Final
2026-03-04T12:15:30.374+05:30  INFO 18138 --- [evalx-backend] [    Test worker] o.h.c.internal.RegionFactoryInitiator    : HHH000026: Second-level cache disabled
2026-03-04T12:15:30.471+05:30  INFO 18138 --- [evalx-backend] [    Test worker] o.s.o.j.p.SpringPersistenceUnitInfo      : No LoadTimeWeaver setup: ignoring JPA class transformer
2026-03-04T12:15:30.487+05:30  INFO 18138 --- [evalx-backend] [    Test worker] com.zaxxer.hikari.HikariDataSource       : HikariPool-1 - Starting...
2026-03-04T12:15:30.569+05:30  INFO 18138 --- [evalx-backend] [    Test worker] com.zaxxer.hikari.pool.HikariPool        : HikariPool-1 - Added connection conn0: url=jdbc:h2:mem:evalxdb user=SA
2026-03-04T12:15:30.569+05:30  INFO 18138 --- [evalx-backend] [    Test worker] com.zaxxer.hikari.HikariDataSource       : HikariPool-1 - Start completed.
2026-03-04T12:15:30.581+05:30  WARN 18138 --- [evalx-backend] [    Test worker] org.hibernate.orm.deprecation            : HHH90000025: H2Dialect does not need to be specified explicitly using 'hibernate.dialect' (remove the property setting and it will be selected by default)
2026-03-04T12:15:31.130+05:30  INFO 18138 --- [evalx-backend] [    Test worker] o.h.e.t.j.p.i.JtaPlatformInitiator       : HHH000489: No JTA platform available (set 'hibernate.transaction.jta.platform' to enable JTA platform integration)
2026-03-04T12:15:31.167+05:30  INFO 18138 --- [evalx-backend] [    Test worker] j.LocalContainerEntityManagerFactoryBean : Initialized JPA EntityManagerFactory for persistence unit 'default'
2026-03-04T12:15:31.362+05:30  INFO 18138 --- [evalx-backend] [    Test worker] o.s.d.j.r.query.QueryEnhancerFactory     : Hibernate is in classpath; If applicable, HQL parser will be used.
2026-03-04T12:15:31.586+05:30  INFO 18138 --- [evalx-backend] [    Test worker] com.evalx.engine.EvaluationEngine        : EvaluationEngine initialized with evaluators: [INTEGER, MCQ, MSQ, NAT]
2026-03-04T12:15:31.717+05:30  WARN 18138 --- [evalx-backend] [    Test worker] JpaBaseConfiguration$JpaWebConfiguration : spring.jpa.open-in-view is enabled by default. Therefore, database queries may be performed during view rendering. Explicitly configure spring.jpa.open-in-view to disable this warning
2026-03-04T12:15:31.726+05:30  INFO 18138 --- [evalx-backend] [    Test worker] o.s.b.a.w.s.WelcomePageHandlerMapping    : Adding welcome page: class path resource [static/index.html]
2026-03-04T12:15:31.893+05:30  INFO 18138 --- [evalx-backend] [    Test worker] o.s.b.a.h2.H2ConsoleAutoConfiguration    : H2 console available at '/h2-console'. Database available at 'jdbc:h2:mem:evalxdb'
2026-03-04T12:15:31.928+05:30  INFO 18138 --- [evalx-backend] [    Test worker] com.evalx.PdfParserTest                  : Started PdfParserTest in 2.378 seconds (process running for 3.015)
2026-03-04T12:15:31.976+05:30  INFO 18138 --- [evalx-backend] [    Test worker] com.evalx.config.DataSeeder              : Seeding SSC CGL exam data...
2026-03-04T12:15:32.066+05:30  INFO 18138 --- [evalx-backend] [    Test worker] com.evalx.config.DataSeeder              : SSC CGL Pre (Tier 1) 2026 seeded with 100 questions
2026-03-04T12:15:32.066+05:30  INFO 18138 --- [evalx-backend] [    Test worker] com.evalx.config.DataSeeder              : Seed complete.
2026-03-04T12:15:32.481+05:30  WARN 18138 --- [evalx-backend] [    Test worker] org.apache.pdfbox.pdfparser.BaseParser   : Empty COSName at offset 4963463
✅ Extracted 29 answers from PDF.
Q1 -> A
Q2 -> B
Q3 -> A
Q4 -> A
Q5 -> B
Q6 -> A
Q7 -> B
Q8 -> C
Q9 -> D
Q10 -> B
Q11 -> A
Q12 -> A
Q16 -> D
Q17 -> B
Q18 -> A
Q19 -> B
Q22 -> A
Q23 -> A
Q24 -> A
Q25 -> B
Q26 -> C
Q27 -> D
Q28 -> B
Q33 -> B
Q37 -> A
Q38 -> A
Q40 -> B
Q42 -> A
Q45 -> C
]]></system-out>
  <system-err><![CDATA[]]></system-err>
</testsuite>
